g:\hello\vs17_cs_cpp_2\cpp_pro\cdll\debug\cdll.lib
g:\hello\vs17_cs_cpp_2\cpp_pro\cdll\debug\cdll.exp
g:\hello\vs17_cs_cpp_2\cpp_pro\cdll\cdll\debug\cdll.pch
g:\hello\vs17_cs_cpp_2\cpp_pro\cdll\cdll\debug\vc141.pdb
g:\hello\vs17_cs_cpp_2\cpp_pro\cdll\cdll\debug\pch.obj
g:\hello\vs17_cs_cpp_2\cpp_pro\cdll\cdll\debug\cdll.obj
g:\hello\vs17_cs_cpp_2\cpp_pro\cdll\cdll\debug\assemblyinfo.obj
g:\hello\vs17_cs_cpp_2\cpp_pro\cdll\cdll\debug\.netframework,version=v4.0.assemblyattributes.obj
g:\hello\vs17_cs_cpp_2\cpp_pro\cdll\cdll\debug\.netframework,version=v4.0.assemblyattributes.asm
g:\hello\vs17_cs_cpp_2\cpp_pro\cdll\debug\cdll.dll
g:\hello\vs17_cs_cpp_2\cpp_pro\cdll\debug\cdll.pdb
g:\hello\vs17_cs_cpp_2\cpp_pro\cdll\cdll\debug\cdll.tlog\metagen.write.1.tlog
g:\hello\vs17_cs_cpp_2\cpp_pro\cdll\cdll\debug\app.res
g:\hello\vs17_cs_cpp_2\cpp_pro\cdll\cdll\debug\cdll.tlog\cdll.write.1u.tlog
g:\hello\vs17_cs_cpp_2\cpp_pro\cdll\cdll\debug\cdll.tlog\cl.command.1.tlog
g:\hello\vs17_cs_cpp_2\cpp_pro\cdll\cdll\debug\cdll.tlog\cl.read.1.tlog
g:\hello\vs17_cs_cpp_2\cpp_pro\cdll\cdll\debug\cdll.tlog\cl.write.1.tlog
g:\hello\vs17_cs_cpp_2\cpp_pro\cdll\cdll\debug\cdll.tlog\link.command.1.tlog
g:\hello\vs17_cs_cpp_2\cpp_pro\cdll\cdll\debug\cdll.tlog\link.read.1.tlog
g:\hello\vs17_cs_cpp_2\cpp_pro\cdll\cdll\debug\cdll.tlog\link.write.1.tlog
g:\hello\vs17_cs_cpp_2\cpp_pro\cdll\cdll\debug\cdll.tlog\metagen.read.1.tlog
g:\hello\vs17_cs_cpp_2\cpp_pro\cdll\cdll\debug\cdll.tlog\rc.command.1.tlog
g:\hello\vs17_cs_cpp_2\cpp_pro\cdll\cdll\debug\cdll.tlog\rc.read.1.tlog
g:\hello\vs17_cs_cpp_2\cpp_pro\cdll\cdll\debug\cdll.tlog\rc.write.1.tlog
g:\hello\vs17_cs_cpp_2\cpp_pro\cdll\cdll\debug\cdll.tlog\csdll.dll.metagen
